* Host localhost:5000 was resolved.
* IPv6: ::1
* IPv4: 127.0.0.1
  % Total    % Received % Xferd  Average Speed   Time    Time     Time  Current
                                 Dload  Upload   Total   Spent    Left  Speed
  0     0    0     0    0     0      0      0 --:--:-- --:--:-- --:--:--     0*   Trying [::1]:5000...
* Established connection to localhost (::1 port 5000) from ::1 port 61147 
* using HTTP/1.x
> GET / HTTP/1.1
> Host: localhost:5000
> User-Agent: curl/8.16.0
> Accept: */*
> 
* Request completely sent off
< HTTP/1.1 200 OK
< X-Powered-By: Express
< Access-Control-Allow-Origin: *
< Content-Type: text/html; charset=utf-8
< Content-Length: 28
< ETag: W/"1c-hfzVTjVLb+N4Zf6Vm4OKZZBxL64"
< Date: Mon, 23 Feb 2026 03:58:56 GMT
< Connection: keep-alive
< Keep-Alive: timeout=5
< 
{ [28 bytes data]
100    28  100    28    0     0    784      0 --:--:-- --:--:-- --:--:--   800
* Connection #0 to host localhost:5000 left intact
Voting App API is running...