* Host localhost:5000 was resolved.
* IPv6: ::1
* IPv4: 127.0.0.1
  % Total    % Received % Xferd  Average Speed   Time    Time     Time  Current
                                 Dload  Upload   Total   Spent    Left  Speed
  0     0    0     0    0     0      0      0 --:--:-- --:--:-- --:--:--     0*   Trying [::1]:5000...
* Established connection to localhost (::1 port 5000) from ::1 port 65053 
* using HTTP/1.x
> GET /api/chatbot/stream?text=hello HTTP/1.1
> Host: localhost:5000
> User-Agent: curl/8.16.0
> Accept: */*
> 
* Request completely sent off
  0     0    0     0    0     0      0      0 --:--:-- --:--:-- --:--:--     0< HTTP/1.1 200 OK
< X-Powered-By: Express
< Access-Control-Allow-Origin: *
< Content-Type: text/event-stream
< Cache-Control: no-cache
< Connection: keep-alive
< Date: Mon, 23 Feb 2026 04:27:53 GMT
< Transfer-Encoding: chunked
< 
{ [31 bytes data]
data: {"text":"Hello"} 

data: {"text":"! Welcome to the DigiVote Portal of India. I am your Election Assistant."} 

data: {"text":"\n\nHow may I help you with information regarding the active elections or any other election-related queries today?\n\nCurrently, the **General Election 2026** is active."} 

data: [DONE]

100   321    0   321    0     0    318      0 --:--:--  0:00:01 --:--:--   318
* Connection #0 to host localhost:5000 left intact
