* Host localhost:5000 was resolved.
* IPv6: ::1
* IPv4: 127.0.0.1
  % Total    % Received % Xferd  Average Speed   Time    Time     Time  Current
                                 Dload  Upload   Total   Spent    Left  Speed
  0     0    0     0    0     0      0      0 --:--:-- --:--:-- --:--:--     0*   Trying [::1]:5000...
* Established connection to localhost (::1 port 5000) from ::1 port 61171 
* using HTTP/1.x
> GET /api/chatbot/stream?text=hello HTTP/1.1
> Host: localhost:5000
> User-Agent: curl/8.16.0
> Accept: */*
> 
* Request completely sent off
< HTTP/1.1 200 OK
< X-Powered-By: Express
< Access-Control-Allow-Origin: *
< Content-Type: text/event-stream
< Cache-Control: no-cache
< Connection: keep-alive
< Date: Mon, 23 Feb 2026 04:00:43 GMT
< Transfer-Encoding: chunked
< 
{ [52 bytes data]
data: {"error":"Something went wrong"} 

100    41    0    41    0     0     38      0 --:--:--  0:00:01 --:--:--    38100    41    0    41    0     0     38      0 --:--:--  0:00:01 --:--:--    38
* Connection #0 to host localhost:5000 left intact
